# JRE version: Java(TM) SE Runtime Environment (8.0_31-b13) (build 1.8.0_31-b13)
# Java VM: Java HotSpot(TM) 64-Bit Server VM (25.31-b07 mixed mode bsd-amd64 compressed oops)
Heap:
 par new generation   total 47936K, used 3746K [0x0000000740000000, 0x0000000743400000, 0x0000000754cc0000)
  eden space 42624K,   8% used [0x0000000740000000, 0x00000007403a89d0, 0x00000007429a0000)
  from space 5312K,   0% used [0x0000000742ed0000, 0x0000000742ed0000, 0x0000000743400000)
  to   space 5312K,   0% used [0x00000007429a0000, 0x00000007429a0000, 0x0000000742ed0000)
 concurrent mark-sweep generation total 106312K, used 45721K [0x0000000754cc0000, 0x000000075b492000, 0x00000007c0000000)
 Metaspace       used 22655K, capacity 23102K, committed 23552K, reserved 1069056K
  class space    used 2835K, capacity 3006K, committed 3072K, reserved 1048576K
GC Heap History (10 events):
Event: 1499.493 GC heap before
{Heap before GC invocations=77 (full 64):
 par new generation   total 47936K, used 47936K [0x0000000740000000, 0x0000000743400000, 0x0000000754cc0000)
  eden space 42624K, 100% used [0x0000000740000000, 0x00000007429a0000, 0x00000007429a0000)
  from space 5312K, 100% used [0x0000000742ed0000, 0x0000000743400000, 0x0000000743400000)
  to   space 5312K,   0% used [0x00000007429a0000, 0x00000007429a0000, 0x0000000742ed0000)
 concurrent mark-sweep generation total 106312K, used 39465K [0x0000000754cc0000, 0x000000075b492000, 0x00000007c0000000)
 Metaspace       used 22619K, capacity 22980K, committed 23296K, reserved 1069056K
  class space    used 2821K, capacity 2987K, committed 3072K, reserved 1048576K
Event: 1499.496 GC heap after
Heap after GC invocations=78 (full 64):
 par new generation   total 47936K, used 1194K [0x0000000740000000, 0x0000000743400000, 0x0000000754cc0000)
  eden space 42624K,   0% used [0x0000000740000000, 0x0000000740000000, 0x00000007429a0000)
  from space 5312K,  22% used [0x00000007429a0000, 0x0000000742acaac8, 0x0000000742ed0000)
  to   space 5312K,   0% used [0x0000000742ed0000, 0x0000000742ed0000, 0x0000000743400000)
 concurrent mark-sweep generation total 106312K, used 44222K [0x0000000754cc0000, 0x000000075b492000, 0x00000007c0000000)
 Metaspace       used 22619K, capacity 22980K, committed 23296K, reserved 1069056K
  class space    used 2821K, capacity 2987K, committed 3072K, reserved 1048576K
}
Event: 4048.845 GC heap before
{Heap before GC invocations=78 (full 64):
 par new generation   total 47936K, used 43128K [0x0000000740000000, 0x0000000743400000, 0x0000000754cc0000)
  eden space 42624K,  98% used [0x0000000740000000, 0x00000007428f35b0, 0x00000007429a0000)
  from space 5312K,  22% used [0x00000007429a0000, 0x0000000742acaac8, 0x0000000742ed0000)
  to   space 5312K,   0% used [0x0000000742ed0000, 0x0000000742ed0000, 0x0000000743400000)
 concurrent mark-sweep generation total 106312K, used 44222K [0x0000000754cc0000, 0x000000075b492000, 0x00000007c0000000)
 Metaspace       used 22704K, capacity 23228K, committed 23552K, reserved 1069056K
  class space    used 2846K, capacity 3027K, committed 3072K, reserved 1048576K
Event: 4048.861 GC heap after
Heap after GC invocations=79 (full 64):
 par new generation   total 47936K, used 5312K [0x0000000740000000, 0x0000000743400000, 0x0000000754cc0000)
  eden space 42624K,   0% used [0x0000000740000000, 0x0000000740000000, 0x00000007429a0000)
  from space 5312K, 100% used [0x0000000742ed0000, 0x0000000743400000, 0x0000000743400000)
  to   space 5312K,   0% used [0x00000007429a0000, 0x00000007429a0000, 0x0000000742ed0000)
 concurrent mark-sweep generation total 106312K, used 48392K [0x0000000754cc0000, 0x000000075b492000, 0x00000007c0000000)
 Metaspace       used 22704K, capacity 23228K, committed 23552K, reserved 1069056K
  class space    used 2846K, capacity 3027K, committed 3072K, reserved 1048576K
}
Event: 4049.020 GC heap before
{Heap before GC invocations=79 (full 64):
 par new generation   total 47936K, used 43861K [0x0000000740000000, 0x0000000743400000, 0x0000000754cc0000)
  eden space 42624K,  90% used [0x0000000740000000, 0x00000007425a5538, 0x00000007429a0000)
  from space 5312K, 100% used [0x0000000742ed0000, 0x0000000743400000, 0x0000000743400000)
  to   space 5312K,   0% used [0x00000007429a0000, 0x00000007429a0000, 0x0000000742ed0000)
 concurrent mark-sweep generation total 106312K, used 48392K [0x0000000754cc0000, 0x000000075b492000, 0x00000007c0000000)
 Metaspace       used 22721K, capacity 23228K, committed 23552K, reserved 1069056K
  class space    used 2846K, capacity 3027K, committed 3072K, reserved 1048576K
Event: 4049.029 GC heap after
Heap after GC invocations=80 (full 64):
 par new generation   total 47936K, used 5201K [0x0000000740000000, 0x0000000743400000, 0x0000000754cc0000)
  eden space 42624K,   0% used [0x0000000740000000, 0x0000000740000000, 0x00000007429a0000)
  from space 5312K,  97% used [0x00000007429a0000, 0x0000000742eb4510, 0x0000000742ed0000)
  to   space 5312K,   0% used [0x0000000742ed0000, 0x0000000742ed0000, 0x0000000743400000)
 concurrent mark-sweep generation total 106312K, used 57891K [0x0000000754cc0000, 0x000000075b492000, 0x00000007c0000000)
 Metaspace       used 22721K, capacity 23228K, committed 23552K, reserved 1069056K
  class space    used 2846K, capacity 3027K, committed 3072K, reserved 1048576K
}
Event: 4049.164 GC heap before
{Heap before GC invocations=80 (full 64):
 par new generation   total 47936K, used 47825K [0x0000000740000000, 0x0000000743400000, 0x0000000754cc0000)
  eden space 42624K, 100% used [0x0000000740000000, 0x00000007429a0000, 0x00000007429a0000)
  from space 5312K,  97% used [0x00000007429a0000, 0x0000000742eb4510, 0x0000000742ed0000)
  to   space 5312K,   0% used [0x0000000742ed0000, 0x0000000742ed0000, 0x0000000743400000)
 concurrent mark-sweep generation total 106312K, used 57891K [0x0000000754cc0000, 0x000000075b492000, 0x00000007c0000000)
 Metaspace       used 22730K, capacity 23228K, committed 23552K, reserved 1069056K
  class space    used 2846K, capacity 3027K, committed 3072K, reserved 1048576K
Event: 4049.175 GC heap after
Heap after GC invocations=81 (full 64):
 par new generation   total 47936K, used 5311K [0x0000000740000000, 0x0000000743400000, 0x0000000754cc0000)
  eden space 42624K,   0% used [0x0000000740000000, 0x0000000740000000, 0x00000007429a0000)
  from space 5312K,  99% used [0x0000000742ed0000, 0x00000007433fffe0, 0x0000000743400000)
  to   space 5312K,   0% used [0x00000007429a0000, 0x00000007429a0000, 0x0000000742ed0000)
 concurrent mark-sweep generation total 106312K, used 59415K [0x0000000754cc0000, 0x000000075b492000, 0x00000007c0000000)
 Metaspace       used 22730K, capacity 23228K, committed 23552K, reserved 1069056K
  class space    used 2846K, capacity 3027K, committed 3072K, reserved 1048576K
}
Event: 4858.563 GC heap before
{Heap before GC invocations=81 (full 64):
 par new generation   total 47936K, used 8398K [0x0000000740000000, 0x0000000743400000, 0x0000000754cc0000)
  eden space 42624K,   7% used [0x0000000740000000, 0x0000000740303ac8, 0x00000007429a0000)
  from space 5312K,  99% used [0x0000000742ed0000, 0x00000007433fffe0, 0x0000000743400000)
  to   space 5312K,   0% used [0x00000007429a0000, 0x00000007429a0000, 0x0000000742ed0000)
 concurrent mark-sweep generation total 106312K, used 59415K [0x0000000754cc0000, 0x000000075b492000, 0x00000007c0000000)
 Metaspace       used 22733K, capacity 23228K, committed 23552K, reserved 1069056K
  class space    used 2846K, capacity 3027K, committed 3072K, reserved 1048576K
Event: 4858.726 GC heap after
Heap after GC invocations=82 (full 65):
 par new generation   total 47936K, used 0K [0x0000000740000000, 0x0000000743400000, 0x0000000754cc0000)
  eden space 42624K,   0% used [0x0000000740000000, 0x0000000740000000, 0x00000007429a0000)
  from space 5312K,   0% used [0x0000000742ed0000, 0x0000000742ed0000, 0x0000000743400000)
  to   space 5312K,   0% used [0x00000007429a0000, 0x00000007429a0000, 0x0000000742ed0000)
 concurrent mark-sweep generation total 106312K, used 45721K [0x0000000754cc0000, 0x000000075b492000, 0x00000007c0000000)
 Metaspace       used 22653K, capacity 23102K, committed 23552K, reserved 1069056K
  class space    used 2834K, capacity 3006K, committed 3072K, reserved 1048576K
}

