# JRE version: Java(TM) SE Runtime Environment (8.0_31-b13) (build 1.8.0_31-b13)
# Java VM: Java HotSpot(TM) 64-Bit Server VM (25.31-b07 mixed mode bsd-amd64 compressed oops)
Heap:
 par new generation   total 39424K, used 13396K [0x0000000740000000, 0x0000000742ac0000, 0x0000000754cc0000)
  eden space 35072K,  26% used [0x0000000740000000, 0x00000007408e8c68, 0x0000000742240000)
  from space 4352K,  98% used [0x0000000742240000, 0x000000074266c690, 0x0000000742680000)
  to   space 4352K,   0% used [0x0000000742680000, 0x0000000742680000, 0x0000000742ac0000)
 concurrent mark-sweep generation total 87424K, used 45598K [0x0000000754cc0000, 0x000000075a220000, 0x00000007c0000000)
 Metaspace       used 22816K, capacity 23416K, committed 24448K, reserved 1071104K
  class space    used 2881K, capacity 2997K, committed 3456K, reserved 1048576K
GC Heap History (10 events):
Event: 4242.507 GC heap before
{Heap before GC invocations=108 (full 61):
 par new generation   total 39424K, used 15774K [0x0000000740000000, 0x0000000742ac0000, 0x0000000754cc0000)
  eden space 35072K,  32% used [0x0000000740000000, 0x0000000740b27a68, 0x0000000742240000)
  from space 4352K, 100% used [0x0000000742240000, 0x0000000742680000, 0x0000000742680000)
  to   space 4352K,   0% used [0x0000000742680000, 0x0000000742680000, 0x0000000742ac0000)
 concurrent mark-sweep generation total 87424K, used 38004K [0x0000000754cc0000, 0x000000075a220000, 0x00000007c0000000)
 Metaspace       used 22652K, capacity 23168K, committed 24448K, reserved 1071104K
  class space    used 2838K, capacity 2957K, committed 3456K, reserved 1048576K
Event: 4242.582 GC heap after
Heap after GC invocations=109 (full 62):
 par new generation   total 39424K, used 0K [0x0000000740000000, 0x0000000742ac0000, 0x0000000754cc0000)
  eden space 35072K,   0% used [0x0000000740000000, 0x0000000740000000, 0x0000000742240000)
  from space 4352K,   0% used [0x0000000742240000, 0x0000000742240000, 0x0000000742680000)
  to   space 4352K,   0% used [0x0000000742680000, 0x0000000742680000, 0x0000000742ac0000)
 concurrent mark-sweep generation total 87424K, used 37037K [0x0000000754cc0000, 0x000000075a220000, 0x00000007c0000000)
 Metaspace       used 22652K, capacity 23168K, committed 24448K, reserved 1071104K
  class space    used 2838K, capacity 2957K, committed 3456K, reserved 1048576K
}
Event: 4264.367 GC heap before
{Heap before GC invocations=109 (full 62):
 par new generation   total 39424K, used 35072K [0x0000000740000000, 0x0000000742ac0000, 0x0000000754cc0000)
  eden space 35072K, 100% used [0x0000000740000000, 0x0000000742240000, 0x0000000742240000)
  from space 4352K,   0% used [0x0000000742240000, 0x0000000742240000, 0x0000000742680000)
  to   space 4352K,   0% used [0x0000000742680000, 0x0000000742680000, 0x0000000742ac0000)
 concurrent mark-sweep generation total 87424K, used 37037K [0x0000000754cc0000, 0x000000075a220000, 0x00000007c0000000)
 Metaspace       used 22759K, capacity 23288K, committed 24448K, reserved 1071104K
  class space    used 2874K, capacity 2997K, committed 3456K, reserved 1048576K
Event: 4264.370 GC heap after
Heap after GC invocations=110 (full 62):
 par new generation   total 39424K, used 1418K [0x0000000740000000, 0x0000000742ac0000, 0x0000000754cc0000)
  eden space 35072K,   0% used [0x0000000740000000, 0x0000000740000000, 0x0000000742240000)
  from space 4352K,  32% used [0x0000000742680000, 0x00000007427e2b40, 0x0000000742ac0000)
  to   space 4352K,   0% used [0x0000000742240000, 0x0000000742240000, 0x0000000742680000)
 concurrent mark-sweep generation total 87424K, used 45237K [0x0000000754cc0000, 0x000000075a220000, 0x00000007c0000000)
 Metaspace       used 22759K, capacity 23288K, committed 24448K, reserved 1071104K
  class space    used 2874K, capacity 2997K, committed 3456K, reserved 1048576K
}
Event: 4264.394 GC heap before
{Heap before GC invocations=110 (full 62):
 par new generation   total 39424K, used 5337K [0x0000000740000000, 0x0000000742ac0000, 0x0000000754cc0000)
  eden space 35072K,  11% used [0x0000000740000000, 0x00000007403d3c48, 0x0000000742240000)
  from space 4352K,  32% used [0x0000000742680000, 0x00000007427e2b40, 0x0000000742ac0000)
  to   space 4352K,   0% used [0x0000000742240000, 0x0000000742240000, 0x0000000742680000)
 concurrent mark-sweep generation total 87424K, used 45237K [0x0000000754cc0000, 0x000000075a220000, 0x00000007c0000000)
 Metaspace       used 22761K, capacity 23288K, committed 24448K, reserved 1071104K
  class space    used 2874K, capacity 2997K, committed 3456K, reserved 1048576K
Event: 4264.448 GC heap after
Heap after GC invocations=111 (full 63):
 par new generation   total 39424K, used 0K [0x0000000740000000, 0x0000000742ac0000, 0x0000000754cc0000)
  eden space 35072K,   0% used [0x0000000740000000, 0x0000000740000000, 0x0000000742240000)
  from space 4352K,   0% used [0x0000000742680000, 0x0000000742680000, 0x0000000742ac0000)
  to   space 4352K,   0% used [0x0000000742240000, 0x0000000742240000, 0x0000000742680000)
 concurrent mark-sweep generation total 87424K, used 35840K [0x0000000754cc0000, 0x000000075a220000, 0x00000007c0000000)
 Metaspace       used 22761K, capacity 23288K, committed 24448K, reserved 1071104K
  class space    used 2874K, capacity 2997K, committed 3456K, reserved 1048576K
}
Event: 4264.449 GC heap before
{Heap before GC invocations=111 (full 63):
 par new generation   total 39424K, used 668K [0x0000000740000000, 0x0000000742ac0000, 0x0000000754cc0000)
  eden space 35072K,   1% used [0x0000000740000000, 0x00000007400a7250, 0x0000000742240000)
  from space 4352K,   0% used [0x0000000742680000, 0x0000000742680000, 0x0000000742ac0000)
  to   space 4352K,   0% used [0x0000000742240000, 0x0000000742240000, 0x0000000742680000)
 concurrent mark-sweep generation total 87424K, used 35840K [0x0000000754cc0000, 0x000000075a220000, 0x00000007c0000000)
 Metaspace       used 22761K, capacity 23288K, committed 24448K, reserved 1071104K
  class space    used 2874K, capacity 2997K, committed 3456K, reserved 1048576K
Event: 4264.493 GC heap after
Heap after GC invocations=112 (full 64):
 par new generation   total 39424K, used 0K [0x0000000740000000, 0x0000000742ac0000, 0x0000000754cc0000)
  eden space 35072K,   0% used [0x0000000740000000, 0x0000000740000000, 0x0000000742240000)
  from space 4352K,   0% used [0x0000000742680000, 0x0000000742680000, 0x0000000742ac0000)
  to   space 4352K,   0% used [0x0000000742240000, 0x0000000742240000, 0x0000000742680000)
 concurrent mark-sweep generation total 87424K, used 35828K [0x0000000754cc0000, 0x000000075a220000, 0x00000007c0000000)
 Metaspace       used 22761K, capacity 23288K, committed 24448K, reserved 1071104K
  class space    used 2874K, capacity 2997K, committed 3456K, reserved 1048576K
}
Event: 4267.596 GC heap before
{Heap before GC invocations=112 (full 65):
 par new generation   total 39424K, used 35072K [0x0000000740000000, 0x0000000742ac0000, 0x0000000754cc0000)
  eden space 35072K, 100% used [0x0000000740000000, 0x0000000742240000, 0x0000000742240000)
  from space 4352K,   0% used [0x0000000742680000, 0x0000000742680000, 0x0000000742ac0000)
  to   space 4352K,   0% used [0x0000000742240000, 0x0000000742240000, 0x0000000742680000)
 concurrent mark-sweep generation total 87424K, used 35826K [0x0000000754cc0000, 0x000000075a220000, 0x00000007c0000000)
 Metaspace       used 22815K, capacity 23416K, committed 24448K, reserved 1071104K
  class space    used 2881K, capacity 2997K, committed 3456K, reserved 1048576K
Event: 4267.606 GC heap after
Heap after GC invocations=113 (full 65):
 par new generation   total 39424K, used 4273K [0x0000000740000000, 0x0000000742ac0000, 0x0000000754cc0000)
  eden space 35072K,   0% used [0x0000000740000000, 0x0000000740000000, 0x0000000742240000)
  from space 4352K,  98% used [0x0000000742240000, 0x000000074266c690, 0x0000000742680000)
  to   space 4352K,   0% used [0x0000000742680000, 0x0000000742680000, 0x0000000742ac0000)
 concurrent mark-sweep generation total 87424K, used 45598K [0x0000000754cc0000, 0x000000075a220000, 0x00000007c0000000)
 Metaspace       used 22815K, capacity 23416K, committed 24448K, reserved 1071104K
  class space    used 2881K, capacity 2997K, committed 3456K, reserved 1048576K
}

